mode: atomic
github.com/yanolja/ogem/cache/api.go:21.83,26.2 1 0
github.com/yanolja/ogem/cache/api.go:29.57,58.2 15 0
github.com/yanolja/ogem/cache/api.go:61.76,64.2 2 0
github.com/yanolja/ogem/cache/api.go:67.82,72.13 4 0
github.com/yanolja/ogem/cache/api.go:72.13,75.3 2 0
github.com/yanolja/ogem/cache/api.go:77.2,82.43 2 0
github.com/yanolja/ogem/cache/api.go:86.73,87.49 1 0
github.com/yanolja/ogem/cache/api.go:87.49,91.3 3 0
github.com/yanolja/ogem/cache/api.go:93.2,98.43 2 0
github.com/yanolja/ogem/cache/api.go:102.79,105.63 2 0
github.com/yanolja/ogem/cache/api.go:105.63,109.3 3 0
github.com/yanolja/ogem/cache/api.go:111.2,117.43 2 0
github.com/yanolja/ogem/cache/api.go:121.77,124.2 2 0
github.com/yanolja/ogem/cache/api.go:127.80,129.64 2 0
github.com/yanolja/ogem/cache/api.go:129.64,132.3 2 0
github.com/yanolja/ogem/cache/api.go:135.2,135.57 1 0
github.com/yanolja/ogem/cache/api.go:135.57,138.3 2 0
github.com/yanolja/ogem/cache/api.go:142.2,145.41 3 0
github.com/yanolja/ogem/cache/api.go:149.79,156.46 5 0
github.com/yanolja/ogem/cache/api.go:156.46,157.81 1 0
github.com/yanolja/ogem/cache/api.go:157.81,159.4 1 0
github.com/yanolja/ogem/cache/api.go:162.2,163.47 2 0
github.com/yanolja/ogem/cache/api.go:163.47,164.64 1 0
github.com/yanolja/ogem/cache/api.go:164.64,166.4 1 0
github.com/yanolja/ogem/cache/api.go:170.2,181.43 3 0
github.com/yanolja/ogem/cache/api.go:185.76,192.13 5 0
github.com/yanolja/ogem/cache/api.go:192.13,195.3 2 0
github.com/yanolja/ogem/cache/api.go:197.2,197.40 1 0
github.com/yanolja/ogem/cache/api.go:201.79,206.12 4 0
github.com/yanolja/ogem/cache/api.go:206.12,209.3 2 0
github.com/yanolja/ogem/cache/api.go:210.2,212.13 2 0
github.com/yanolja/ogem/cache/api.go:212.13,215.3 2 0
github.com/yanolja/ogem/cache/api.go:217.2,223.43 2 0
github.com/yanolja/ogem/cache/api.go:227.79,228.43 1 0
github.com/yanolja/ogem/cache/api.go:228.43,231.3 2 0
github.com/yanolja/ogem/cache/api.go:233.2,245.40 4 0
github.com/yanolja/ogem/cache/api.go:249.82,250.43 1 0
github.com/yanolja/ogem/cache/api.go:250.43,253.3 2 0
github.com/yanolja/ogem/cache/api.go:255.2,256.61 2 0
github.com/yanolja/ogem/cache/api.go:256.61,259.3 2 0
github.com/yanolja/ogem/cache/api.go:262.2,262.40 1 0
github.com/yanolja/ogem/cache/api.go:262.40,265.3 2 0
github.com/yanolja/ogem/cache/api.go:267.2,295.43 9 0
github.com/yanolja/ogem/cache/api.go:299.72,301.61 2 0
github.com/yanolja/ogem/cache/api.go:301.61,304.3 2 0
github.com/yanolja/ogem/cache/api.go:309.2,316.49 2 0
github.com/yanolja/ogem/cache/api.go:320.75,322.61 2 0
github.com/yanolja/ogem/cache/api.go:322.61,325.3 2 0
github.com/yanolja/ogem/cache/api.go:330.2,336.49 2 0
github.com/yanolja/ogem/cache/api.go:340.79,343.2 2 0
github.com/yanolja/ogem/cache/api.go:346.79,349.2 2 0
github.com/yanolja/ogem/cache/api.go:503.109,510.53 5 0
github.com/yanolja/ogem/cache/api.go:510.53,512.51 1 0
github.com/yanolja/ogem/cache/api.go:512.51,513.12 1 0
github.com/yanolja/ogem/cache/api.go:515.3,515.50 1 0
github.com/yanolja/ogem/cache/api.go:515.50,516.12 1 0
github.com/yanolja/ogem/cache/api.go:520.3,520.21 1 0
github.com/yanolja/ogem/cache/api.go:520.21,522.12 2 0
github.com/yanolja/ogem/cache/api.go:526.3,526.28 1 0
github.com/yanolja/ogem/cache/api.go:526.28,527.9 1 0
github.com/yanolja/ogem/cache/api.go:531.3,544.34 2 0
github.com/yanolja/ogem/cache/api.go:547.2,547.16 1 0
github.com/yanolja/ogem/cache/api.go:550.69,551.28 1 0
github.com/yanolja/ogem/cache/api.go:551.28,553.3 1 0
github.com/yanolja/ogem/cache/api.go:554.2,554.29 1 0
github.com/yanolja/ogem/cache/api.go:554.29,556.3 1 0
github.com/yanolja/ogem/cache/api.go:557.2,557.28 1 0
github.com/yanolja/ogem/cache/api.go:557.28,559.3 1 0
github.com/yanolja/ogem/cache/api.go:560.2,560.12 1 0
github.com/yanolja/ogem/cache/api.go:563.67,569.40 2 0
github.com/yanolja/ogem/cache/api.go:569.40,570.24 1 0
github.com/yanolja/ogem/cache/api.go:570.24,572.4 1 0
github.com/yanolja/ogem/cache/api.go:574.2,574.14 1 0
github.com/yanolja/ogem/cache/api.go:577.61,615.2 6 0
github.com/yanolja/ogem/cache/api.go:617.60,625.53 6 0
github.com/yanolja/ogem/cache/api.go:625.53,631.27 4 0
github.com/yanolja/ogem/cache/api.go:631.27,633.4 1 0
github.com/yanolja/ogem/cache/api.go:637.2,638.39 2 0
github.com/yanolja/ogem/cache/api.go:638.39,644.3 1 0
github.com/yanolja/ogem/cache/api.go:646.2,651.3 1 0
github.com/yanolja/ogem/cache/api.go:654.82,657.25 2 0
github.com/yanolja/ogem/cache/api.go:657.25,665.3 1 0
github.com/yanolja/ogem/cache/api.go:667.2,667.31 1 0
github.com/yanolja/ogem/cache/api.go:667.31,675.3 1 0
github.com/yanolja/ogem/cache/api.go:677.2,677.24 1 0
github.com/yanolja/ogem/cache/api.go:680.91,683.55 2 0
github.com/yanolja/ogem/cache/api.go:683.55,693.3 2 0
github.com/yanolja/ogem/cache/api.go:695.2,695.23 1 0
github.com/yanolja/ogem/cache/api.go:698.61,720.2 1 0
github.com/yanolja/ogem/cache/api.go:722.85,726.56 3 0
github.com/yanolja/ogem/cache/api.go:726.56,728.3 1 0
github.com/yanolja/ogem/cache/api.go:731.95,741.2 2 0
github.com/yanolja/ogem/cache/cache.go:19.24,20.11 1 1076
github.com/yanolja/ogem/cache/cache.go:20.11,22.3 1 144
github.com/yanolja/ogem/cache/cache.go:23.2,23.10 1 932
github.com/yanolja/ogem/cache/cache.go:336.132,337.19 1 45
github.com/yanolja/ogem/cache/cache.go:337.19,339.3 1 1
github.com/yanolja/ogem/cache/cache.go:341.2,354.41 2 45
github.com/yanolja/ogem/cache/cache.go:354.41,368.3 1 9
github.com/yanolja/ogem/cache/cache.go:371.2,371.52 1 45
github.com/yanolja/ogem/cache/cache.go:371.52,373.3 1 0
github.com/yanolja/ogem/cache/cache.go:376.2,376.20 1 45
github.com/yanolja/ogem/cache/cache.go:376.20,378.3 1 38
github.com/yanolja/ogem/cache/cache.go:380.2,380.21 1 45
github.com/yanolja/ogem/cache/cache.go:384.40,430.2 1 3
github.com/yanolja/ogem/cache/cache.go:433.137,434.24 1 2113
github.com/yanolja/ogem/cache/cache.go:434.24,436.3 1 1
github.com/yanolja/ogem/cache/cache.go:438.2,450.18 6 2112
github.com/yanolja/ogem/cache/cache.go:451.21,452.51 1 2112
github.com/yanolja/ogem/cache/cache.go:453.24,454.59 1 0
github.com/yanolja/ogem/cache/cache.go:455.21,456.51 1 0
github.com/yanolja/ogem/cache/cache.go:457.22,458.57 1 0
github.com/yanolja/ogem/cache/cache.go:459.10,460.64 1 0
github.com/yanolja/ogem/cache/cache.go:463.2,463.16 1 2112
github.com/yanolja/ogem/cache/cache.go:463.16,466.3 2 0
github.com/yanolja/ogem/cache/cache.go:468.2,474.29 3 2112
github.com/yanolja/ogem/cache/cache.go:474.29,476.3 1 2103
github.com/yanolja/ogem/cache/cache.go:478.2,478.20 1 2112
github.com/yanolja/ogem/cache/cache.go:482.155,483.24 1 2121
github.com/yanolja/ogem/cache/cache.go:483.24,485.3 1 0
github.com/yanolja/ogem/cache/cache.go:488.2,511.70 5 2121
github.com/yanolja/ogem/cache/cache.go:511.70,512.72 1 2
github.com/yanolja/ogem/cache/cache.go:512.72,514.4 1 2
github.com/yanolja/ogem/cache/cache.go:518.2,518.34 1 2121
github.com/yanolja/ogem/cache/cache.go:518.34,519.49 1 0
github.com/yanolja/ogem/cache/cache.go:519.49,521.4 1 0
github.com/yanolja/ogem/cache/cache.go:525.2,525.45 1 2121
github.com/yanolja/ogem/cache/cache.go:525.45,528.3 2 0
github.com/yanolja/ogem/cache/cache.go:531.2,533.12 2 2121
github.com/yanolja/ogem/cache/cache.go:537.39,550.2 7 1
github.com/yanolja/ogem/cache/cache.go:553.60,558.41 3 1
github.com/yanolja/ogem/cache/cache.go:558.41,559.33 1 3
github.com/yanolja/ogem/cache/cache.go:559.33,562.4 2 1
github.com/yanolja/ogem/cache/cache.go:566.2,569.12 3 1
github.com/yanolja/ogem/cache/cache.go:573.48,580.41 5 8
github.com/yanolja/ogem/cache/cache.go:580.41,583.3 2 1
github.com/yanolja/ogem/cache/cache.go:586.2,587.15 2 8
github.com/yanolja/ogem/cache/cache.go:587.15,589.3 1 7
github.com/yanolja/ogem/cache/cache.go:592.2,598.19 5 8
github.com/yanolja/ogem/cache/cache.go:603.96,611.28 2 4234
github.com/yanolja/ogem/cache/cache.go:611.28,613.3 1 5
github.com/yanolja/ogem/cache/cache.go:614.2,614.26 1 4234
github.com/yanolja/ogem/cache/cache.go:614.26,616.3 1 4
github.com/yanolja/ogem/cache/cache.go:617.2,617.21 1 4234
github.com/yanolja/ogem/cache/cache.go:617.21,619.3 1 1
github.com/yanolja/ogem/cache/cache.go:620.2,620.33 1 4234
github.com/yanolja/ogem/cache/cache.go:620.33,622.3 1 1
github.com/yanolja/ogem/cache/cache.go:623.2,623.32 1 4234
github.com/yanolja/ogem/cache/cache.go:623.32,625.3 1 1
github.com/yanolja/ogem/cache/cache.go:627.2,627.17 1 4234
github.com/yanolja/ogem/cache/cache.go:630.85,640.16 3 4247
github.com/yanolja/ogem/cache/cache.go:640.16,643.103 2 0
github.com/yanolja/ogem/cache/cache.go:643.103,645.25 2 0
github.com/yanolja/ogem/cache/cache.go:645.25,647.5 1 0
github.com/yanolja/ogem/cache/cache.go:647.10,649.5 1 0
github.com/yanolja/ogem/cache/cache.go:650.9,652.4 1 0
github.com/yanolja/ogem/cache/cache.go:653.3,655.37 3 0
github.com/yanolja/ogem/cache/cache.go:657.2,658.36 2 4247
github.com/yanolja/ogem/cache/cache.go:661.64,670.16 3 2124
github.com/yanolja/ogem/cache/cache.go:670.16,675.3 3 0
github.com/yanolja/ogem/cache/cache.go:676.2,677.41 2 2124
github.com/yanolja/ogem/cache/cache.go:680.88,682.41 1 2124
github.com/yanolja/ogem/cache/cache.go:682.41,683.68 1 3
github.com/yanolja/ogem/cache/cache.go:683.68,685.4 1 2
github.com/yanolja/ogem/cache/cache.go:689.2,689.32 1 2122
github.com/yanolja/ogem/cache/cache.go:690.24,691.31 1 1
github.com/yanolja/ogem/cache/cache.go:692.10,693.30 1 2121
github.com/yanolja/ogem/cache/cache.go:697.59,698.64 1 4243
github.com/yanolja/ogem/cache/cache.go:698.64,702.3 3 4210
github.com/yanolja/ogem/cache/cache.go:703.2,703.20 1 33
github.com/yanolja/ogem/cache/cache.go:706.51,708.20 1 45
github.com/yanolja/ogem/cache/cache.go:709.20,711.52 1 0
github.com/yanolja/ogem/cache/cache.go:712.24,714.57 1 0
github.com/yanolja/ogem/cache/cache.go:715.10,716.53 1 45
github.com/yanolja/ogem/cache/cache.go:718.2,718.12 1 45
github.com/yanolja/ogem/cache/cache.go:721.51,727.29 3 38
github.com/yanolja/ogem/cache/cache.go:727.29,730.3 2 2
github.com/yanolja/ogem/cache/cache.go:733.2,733.74 1 38
github.com/yanolja/ogem/cache/cache.go:733.74,735.3 1 5
github.com/yanolja/ogem/cache/cache.go:738.45,739.6 1 38
github.com/yanolja/ogem/cache/cache.go:739.6,740.10 1 38
github.com/yanolja/ogem/cache/cache.go:741.29,742.23 1 0
github.com/yanolja/ogem/cache/cache.go:743.22,744.10 1 38
github.com/yanolja/ogem/cache/cache.go:749.45,750.6 1 2
github.com/yanolja/ogem/cache/cache.go:750.6,751.10 1 2
github.com/yanolja/ogem/cache/cache.go:752.29,753.22 1 0
github.com/yanolja/ogem/cache/cache.go:754.22,755.10 1 2
github.com/yanolja/ogem/cache/cache.go:760.52,764.6 3 5
github.com/yanolja/ogem/cache/cache.go:764.6,765.10 1 5
github.com/yanolja/ogem/cache/cache.go:766.19,767.30 1 0
github.com/yanolja/ogem/cache/cache.go:768.22,769.10 1 5
github.com/yanolja/ogem/cache/cache.go:774.42,782.41 5 0
github.com/yanolja/ogem/cache/cache.go:782.41,783.33 1 0
github.com/yanolja/ogem/cache/cache.go:783.33,785.4 1 0
github.com/yanolja/ogem/cache/cache.go:789.2,789.34 1 0
github.com/yanolja/ogem/cache/cache.go:789.34,792.3 2 0
github.com/yanolja/ogem/cache/cache.go:795.2,795.55 1 0
github.com/yanolja/ogem/cache/cache.go:795.55,797.3 1 0
github.com/yanolja/ogem/cache/cache.go:799.2,803.26 4 0
github.com/yanolja/ogem/cache/cache.go:803.26,805.3 1 0
github.com/yanolja/ogem/cache/cache.go:808.41,809.23 1 0
github.com/yanolja/ogem/cache/cache.go:809.23,811.3 1 0
github.com/yanolja/ogem/cache/cache.go:813.2,849.33 3 0
github.com/yanolja/ogem/cache/cache.go:849.33,850.57 1 0
github.com/yanolja/ogem/cache/cache.go:850.57,852.4 1 0
github.com/yanolja/ogem/cache/cache.go:856.56,865.2 5 0
github.com/yanolja/ogem/cache/cache.go:867.59,868.35 1 2105
github.com/yanolja/ogem/cache/cache.go:868.35,869.15 1 2107
github.com/yanolja/ogem/cache/cache.go:869.15,871.9 2 2105
github.com/yanolja/ogem/cache/cache.go:876.57,878.63 1 0
github.com/yanolja/ogem/cache/cache.go:878.63,882.3 3 0
github.com/yanolja/ogem/cache/cache.go:886.32,889.29 2 45
github.com/yanolja/ogem/cache/cache.go:889.29,891.3 1 38
github.com/yanolja/ogem/cache/cache.go:892.2,892.29 1 45
github.com/yanolja/ogem/cache/cache.go:892.29,894.3 1 2
github.com/yanolja/ogem/cache/cache.go:896.2,896.41 1 45
github.com/yanolja/ogem/cache/strategies.go:13.101,20.50 5 2122
github.com/yanolja/ogem/cache/strategies.go:20.50,26.3 1 21
github.com/yanolja/ogem/cache/strategies.go:29.2,37.8 2 2101
github.com/yanolja/ogem/cache/strategies.go:41.125,44.16 2 8
github.com/yanolja/ogem/cache/strategies.go:44.16,48.3 2 1
github.com/yanolja/ogem/cache/strategies.go:50.2,57.39 5 7
github.com/yanolja/ogem/cache/strategies.go:57.39,59.62 1 5
github.com/yanolja/ogem/cache/strategies.go:59.62,60.12 1 1
github.com/yanolja/ogem/cache/strategies.go:64.3,64.40 1 4
github.com/yanolja/ogem/cache/strategies.go:64.40,65.12 1 2
github.com/yanolja/ogem/cache/strategies.go:69.3,69.32 1 2
github.com/yanolja/ogem/cache/strategies.go:69.32,70.12 1 0
github.com/yanolja/ogem/cache/strategies.go:74.3,74.39 1 2
github.com/yanolja/ogem/cache/strategies.go:74.39,75.12 1 0
github.com/yanolja/ogem/cache/strategies.go:79.3,81.61 2 2
github.com/yanolja/ogem/cache/strategies.go:81.61,84.4 2 1
github.com/yanolja/ogem/cache/strategies.go:87.2,87.22 1 7
github.com/yanolja/ogem/cache/strategies.go:87.22,94.3 2 6
github.com/yanolja/ogem/cache/strategies.go:97.2,106.8 3 1
github.com/yanolja/ogem/cache/strategies.go:110.101,121.39 7 7
github.com/yanolja/ogem/cache/strategies.go:121.39,123.62 1 4
github.com/yanolja/ogem/cache/strategies.go:123.62,124.12 1 1
github.com/yanolja/ogem/cache/strategies.go:128.3,128.40 1 3
github.com/yanolja/ogem/cache/strategies.go:128.40,129.12 1 0
github.com/yanolja/ogem/cache/strategies.go:133.3,133.39 1 3
github.com/yanolja/ogem/cache/strategies.go:133.39,134.12 1 1
github.com/yanolja/ogem/cache/strategies.go:138.3,143.61 3 2
github.com/yanolja/ogem/cache/strategies.go:143.61,146.4 2 1
github.com/yanolja/ogem/cache/strategies.go:149.2,149.22 1 7
github.com/yanolja/ogem/cache/strategies.go:149.22,155.3 1 6
github.com/yanolja/ogem/cache/strategies.go:158.2,168.8 4 1
github.com/yanolja/ogem/cache/strategies.go:172.123,174.78 1 4
github.com/yanolja/ogem/cache/strategies.go:174.78,177.3 2 0
github.com/yanolja/ogem/cache/strategies.go:180.2,180.37 1 4
github.com/yanolja/ogem/cache/strategies.go:180.37,181.87 1 3
github.com/yanolja/ogem/cache/strategies.go:181.87,184.4 2 1
github.com/yanolja/ogem/cache/strategies.go:188.2,188.34 1 3
github.com/yanolja/ogem/cache/strategies.go:188.34,189.79 1 3
github.com/yanolja/ogem/cache/strategies.go:189.79,192.4 2 0
github.com/yanolja/ogem/cache/strategies.go:195.2,199.8 1 3
github.com/yanolja/ogem/cache/strategies.go:203.102,204.37 1 13
github.com/yanolja/ogem/cache/strategies.go:204.37,206.3 1 2
github.com/yanolja/ogem/cache/strategies.go:209.2,210.39 2 11
github.com/yanolja/ogem/cache/strategies.go:210.39,211.29 1 10
github.com/yanolja/ogem/cache/strategies.go:211.29,212.37 1 10
github.com/yanolja/ogem/cache/strategies.go:212.37,215.5 2 10
github.com/yanolja/ogem/cache/strategies.go:215.10,215.43 1 0
github.com/yanolja/ogem/cache/strategies.go:215.43,216.48 1 0
github.com/yanolja/ogem/cache/strategies.go:216.48,217.41 1 0
github.com/yanolja/ogem/cache/strategies.go:217.41,220.7 2 0
github.com/yanolja/ogem/cache/strategies.go:226.2,227.16 2 11
github.com/yanolja/ogem/cache/strategies.go:227.16,229.3 1 1
github.com/yanolja/ogem/cache/strategies.go:233.2,235.23 2 10
github.com/yanolja/ogem/cache/strategies.go:239.75,246.28 3 13
github.com/yanolja/ogem/cache/strategies.go:246.28,248.3 1 254
github.com/yanolja/ogem/cache/strategies.go:250.2,250.27 1 13
github.com/yanolja/ogem/cache/strategies.go:250.27,254.3 2 4992
github.com/yanolja/ogem/cache/strategies.go:257.2,258.32 2 13
github.com/yanolja/ogem/cache/strategies.go:258.32,260.3 1 4992
github.com/yanolja/ogem/cache/strategies.go:261.2,263.14 2 13
github.com/yanolja/ogem/cache/strategies.go:263.14,264.28 1 13
github.com/yanolja/ogem/cache/strategies.go:264.28,266.4 1 4992
github.com/yanolja/ogem/cache/strategies.go:269.2,269.18 1 13
github.com/yanolja/ogem/cache/strategies.go:273.75,274.22 1 7
github.com/yanolja/ogem/cache/strategies.go:274.22,276.3 1 1
github.com/yanolja/ogem/cache/strategies.go:278.2,280.19 2 6
github.com/yanolja/ogem/cache/strategies.go:280.19,284.3 3 780
github.com/yanolja/ogem/cache/strategies.go:286.2,286.30 1 6
github.com/yanolja/ogem/cache/strategies.go:286.30,288.3 1 1
github.com/yanolja/ogem/cache/strategies.go:290.2,290.59 1 5
github.com/yanolja/ogem/cache/strategies.go:294.67,298.39 2 13
github.com/yanolja/ogem/cache/strategies.go:298.39,299.29 1 12
github.com/yanolja/ogem/cache/strategies.go:299.29,301.37 2 12
github.com/yanolja/ogem/cache/strategies.go:301.37,303.5 1 12
github.com/yanolja/ogem/cache/strategies.go:303.10,303.43 1 0
github.com/yanolja/ogem/cache/strategies.go:303.43,305.48 2 0
github.com/yanolja/ogem/cache/strategies.go:305.48,306.41 1 0
github.com/yanolja/ogem/cache/strategies.go:306.41,308.7 1 0
github.com/yanolja/ogem/cache/strategies.go:310.5,310.36 1 0
github.com/yanolja/ogem/cache/strategies.go:313.4,313.18 1 12
github.com/yanolja/ogem/cache/strategies.go:313.18,316.5 2 12
github.com/yanolja/ogem/cache/strategies.go:320.2,320.15 1 13
github.com/yanolja/ogem/cache/strategies.go:324.60,326.55 1 12
github.com/yanolja/ogem/cache/strategies.go:326.55,328.3 1 264
github.com/yanolja/ogem/cache/strategies.go:330.2,331.31 2 12
github.com/yanolja/ogem/cache/strategies.go:331.31,335.39 2 51
github.com/yanolja/ogem/cache/strategies.go:335.39,337.4 1 37
github.com/yanolja/ogem/cache/strategies.go:339.3,339.46 1 51
github.com/yanolja/ogem/cache/strategies.go:339.46,342.4 1 7
github.com/yanolja/ogem/cache/strategies.go:344.3,344.23 1 51
github.com/yanolja/ogem/cache/strategies.go:344.23,346.4 1 51
github.com/yanolja/ogem/cache/strategies.go:349.2,349.25 1 12
github.com/yanolja/ogem/cache/strategies.go:353.85,354.44 1 8
github.com/yanolja/ogem/cache/strategies.go:354.44,356.3 1 1
github.com/yanolja/ogem/cache/strategies.go:357.2,357.44 1 7
github.com/yanolja/ogem/cache/strategies.go:357.44,359.3 1 1
github.com/yanolja/ogem/cache/strategies.go:362.2,365.32 3 6
github.com/yanolja/ogem/cache/strategies.go:365.32,367.3 1 18
github.com/yanolja/ogem/cache/strategies.go:368.2,368.32 1 6
github.com/yanolja/ogem/cache/strategies.go:368.32,370.3 1 16
github.com/yanolja/ogem/cache/strategies.go:373.2,374.26 2 6
github.com/yanolja/ogem/cache/strategies.go:374.26,375.18 1 18
github.com/yanolja/ogem/cache/strategies.go:375.18,377.4 1 12
github.com/yanolja/ogem/cache/strategies.go:380.2,382.16 2 6
github.com/yanolja/ogem/cache/strategies.go:382.16,384.3 1 0
github.com/yanolja/ogem/cache/strategies.go:386.2,389.47 2 6
github.com/yanolja/ogem/cache/strategies.go:389.47,392.3 2 2
github.com/yanolja/ogem/cache/strategies.go:394.2,394.16 1 6
github.com/yanolja/ogem/cache/strategies.go:398.85,402.33 3 2
github.com/yanolja/ogem/cache/strategies.go:402.33,403.34 1 8
github.com/yanolja/ogem/cache/strategies.go:403.34,404.74 1 28
github.com/yanolja/ogem/cache/strategies.go:404.74,406.10 2 4
github.com/yanolja/ogem/cache/strategies.go:412.2,413.20 2 2
github.com/yanolja/ogem/cache/strategies.go:413.20,415.3 1 0
github.com/yanolja/ogem/cache/strategies.go:417.2,417.51 1 2
github.com/yanolja/ogem/cache/strategies.go:421.55,422.17 1 33
github.com/yanolja/ogem/cache/strategies.go:422.17,424.3 1 2
github.com/yanolja/ogem/cache/strategies.go:425.2,425.17 1 31
github.com/yanolja/ogem/cache/strategies.go:425.17,427.3 1 1
github.com/yanolja/ogem/cache/strategies.go:430.2,433.24 4 30
github.com/yanolja/ogem/cache/strategies.go:433.24,435.3 1 162
github.com/yanolja/ogem/cache/strategies.go:438.2,438.31 1 30
github.com/yanolja/ogem/cache/strategies.go:438.31,440.3 1 162
github.com/yanolja/ogem/cache/strategies.go:441.2,441.31 1 30
github.com/yanolja/ogem/cache/strategies.go:441.31,443.3 1 153
github.com/yanolja/ogem/cache/strategies.go:446.2,446.31 1 30
github.com/yanolja/ogem/cache/strategies.go:446.31,447.32 1 132
github.com/yanolja/ogem/cache/strategies.go:447.32,449.24 2 537
github.com/yanolja/ogem/cache/strategies.go:449.24,451.5 1 464
github.com/yanolja/ogem/cache/strategies.go:453.4,457.62 4 537
github.com/yanolja/ogem/cache/strategies.go:461.2,461.31 1 30
github.com/yanolja/ogem/cache/strategies.go:465.62,481.2 7 2104
github.com/yanolja/ogem/cache/strategies.go:484.61,489.56 3 2124
github.com/yanolja/ogem/cache/strategies.go:489.56,491.30 1 2
github.com/yanolja/ogem/cache/strategies.go:491.30,495.4 3 2
github.com/yanolja/ogem/cache/strategies.go:499.2,502.12 3 2124
github.com/yanolja/ogem/cache/strategies.go:506.46,508.20 1 0
github.com/yanolja/ogem/cache/strategies.go:509.20,511.13 1 0
github.com/yanolja/ogem/cache/strategies.go:512.24,514.13 1 0
github.com/yanolja/ogem/cache/strategies.go:515.10,517.13 1 0
github.com/yanolja/ogem/cache/strategies.go:522.64,523.35 1 2
github.com/yanolja/ogem/cache/strategies.go:523.35,525.3 1 1
github.com/yanolja/ogem/cache/strategies.go:528.2,529.16 2 1
github.com/yanolja/ogem/cache/strategies.go:529.16,531.3 1 0
github.com/yanolja/ogem/cache/strategies.go:533.2,539.12 3 1
github.com/yanolja/ogem/cache/strategies.go:543.87,547.18 3 2115
github.com/yanolja/ogem/cache/strategies.go:547.18,551.26 2 2102
github.com/yanolja/ogem/cache/strategies.go:552.22,553.24 1 2101
github.com/yanolja/ogem/cache/strategies.go:554.25,555.27 1 1
github.com/yanolja/ogem/cache/strategies.go:556.22,557.24 1 0
github.com/yanolja/ogem/cache/strategies.go:559.8,561.3 1 13
github.com/yanolja/ogem/cache/strategies.go:564.2,564.49 1 2115
github.com/yanolja/ogem/cache/strategies.go:564.49,566.14 2 5
github.com/yanolja/ogem/cache/strategies.go:566.14,569.4 2 2
github.com/yanolja/ogem/cache/strategies.go:571.3,571.19 1 5
github.com/yanolja/ogem/cache/strategies.go:571.19,573.4 1 3
github.com/yanolja/ogem/cache/strategies.go:573.9,575.4 1 2
github.com/yanolja/ogem/cache/strategies.go:577.3,578.16 2 5
github.com/yanolja/ogem/cache/strategies.go:578.16,580.4 1 5
github.com/yanolja/ogem/cache/strategies.go:584.2,584.52 1 2115
github.com/yanolja/ogem/cache/strategies.go:588.61,596.55 5 2121
github.com/yanolja/ogem/cache/strategies.go:596.55,598.14 2 3
github.com/yanolja/ogem/cache/strategies.go:598.14,601.4 2 2
github.com/yanolja/ogem/cache/strategies.go:603.3,603.24 1 3
github.com/yanolja/ogem/cache/strategies.go:608.111,609.29 1 2106
github.com/yanolja/ogem/cache/strategies.go:609.29,611.3 1 1
github.com/yanolja/ogem/cache/strategies.go:613.2,619.97 4 2105
github.com/yanolja/ogem/cache/strategies.go:619.97,625.21 4 2104
github.com/yanolja/ogem/cache/strategies.go:625.21,627.4 1 2104
github.com/yanolja/ogem/cache/strategies.go:630.3,634.64 3 2104
github.com/yanolja/ogem/cache/strategies.go:634.64,636.4 1 1
github.com/yanolja/ogem/cache/strategies.go:641.49,642.64 1 9
github.com/yanolja/ogem/cache/strategies.go:642.64,644.3 1 1
github.com/yanolja/ogem/cache/strategies.go:646.2,650.88 4 8
github.com/yanolja/ogem/cache/strategies.go:650.88,652.3 1 1
github.com/yanolja/ogem/cache/strategies.go:654.2,654.72 1 7
github.com/yanolja/ogem/cache/strategies.go:654.72,656.3 1 1
github.com/yanolja/ogem/cache/strategies.go:659.2,666.63 5 6
github.com/yanolja/ogem/cache/strategies.go:666.63,668.43 1 5
github.com/yanolja/ogem/cache/strategies.go:669.22,671.47 2 2
github.com/yanolja/ogem/cache/strategies.go:672.25,674.50 2 1
github.com/yanolja/ogem/cache/strategies.go:675.22,677.47 2 1
github.com/yanolja/ogem/cache/strategies.go:678.11,680.38 2 1
github.com/yanolja/ogem/cache/strategies.go:682.8,682.71 1 1
github.com/yanolja/ogem/cache/strategies.go:682.71,684.56 1 1
github.com/yanolja/ogem/cache/strategies.go:684.56,687.4 2 1
github.com/yanolja/ogem/cache/strategies.go:691.2,691.74 1 6
github.com/yanolja/ogem/cache/strategies.go:691.74,712.3 3 6
github.com/yanolja/ogem/cache/strategies.go:714.2,715.34 2 6
github.com/yanolja/ogem/cache/strategies.go:719.68,721.39 2 2107
github.com/yanolja/ogem/cache/strategies.go:721.39,722.29 1 2107
github.com/yanolja/ogem/cache/strategies.go:722.29,723.37 1 2107
github.com/yanolja/ogem/cache/strategies.go:723.37,725.5 1 2107
github.com/yanolja/ogem/cache/strategies.go:725.10,725.43 1 0
github.com/yanolja/ogem/cache/strategies.go:725.43,726.48 1 0
github.com/yanolja/ogem/cache/strategies.go:726.48,727.41 1 0
github.com/yanolja/ogem/cache/strategies.go:727.41,729.7 1 0
github.com/yanolja/ogem/cache/strategies.go:734.2,734.20 1 2107
github.com/yanolja/ogem/cache/strategies.go:739.24,740.11 1 0
github.com/yanolja/ogem/cache/strategies.go:740.11,742.3 1 0
github.com/yanolja/ogem/cache/strategies.go:743.2,743.10 1 0
