mode: atomic
github.com/yanolja/ogem/tenancy/api.go:21.87,26.2 1 17
github.com/yanolja/ogem/tenancy/api.go:29.58,68.2 19 15
github.com/yanolja/ogem/tenancy/api.go:71.76,73.61 2 5
github.com/yanolja/ogem/tenancy/api.go:73.61,76.3 2 1
github.com/yanolja/ogem/tenancy/api.go:79.2,79.62 1 4
github.com/yanolja/ogem/tenancy/api.go:79.62,82.3 2 2
github.com/yanolja/ogem/tenancy/api.go:85.2,102.76 2 2
github.com/yanolja/ogem/tenancy/api.go:102.76,106.3 3 0
github.com/yanolja/ogem/tenancy/api.go:108.2,108.46 1 2
github.com/yanolja/ogem/tenancy/api.go:112.73,116.16 3 2
github.com/yanolja/ogem/tenancy/api.go:116.16,119.3 2 1
github.com/yanolja/ogem/tenancy/api.go:121.2,121.41 1 1
github.com/yanolja/ogem/tenancy/api.go:125.76,129.61 3 4
github.com/yanolja/ogem/tenancy/api.go:129.61,132.3 2 0
github.com/yanolja/ogem/tenancy/api.go:135.2,136.16 2 4
github.com/yanolja/ogem/tenancy/api.go:136.16,139.3 2 1
github.com/yanolja/ogem/tenancy/api.go:142.2,145.76 2 3
github.com/yanolja/ogem/tenancy/api.go:145.76,149.3 3 0
github.com/yanolja/ogem/tenancy/api.go:151.2,151.41 1 3
github.com/yanolja/ogem/tenancy/api.go:155.76,158.78 2 2
github.com/yanolja/ogem/tenancy/api.go:158.78,162.3 3 1
github.com/yanolja/ogem/tenancy/api.go:164.2,164.37 1 1
github.com/yanolja/ogem/tenancy/api.go:168.75,172.57 2 6
github.com/yanolja/ogem/tenancy/api.go:172.57,175.3 2 1
github.com/yanolja/ogem/tenancy/api.go:177.2,177.63 1 6
github.com/yanolja/ogem/tenancy/api.go:177.63,180.3 2 1
github.com/yanolja/ogem/tenancy/api.go:182.2,182.64 1 6
github.com/yanolja/ogem/tenancy/api.go:182.64,184.3 1 1
github.com/yanolja/ogem/tenancy/api.go:187.2,190.46 3 6
github.com/yanolja/ogem/tenancy/api.go:190.46,191.81 1 2
github.com/yanolja/ogem/tenancy/api.go:191.81,193.4 1 2
github.com/yanolja/ogem/tenancy/api.go:196.2,196.47 1 6
github.com/yanolja/ogem/tenancy/api.go:196.47,197.64 1 1
github.com/yanolja/ogem/tenancy/api.go:197.64,199.4 1 1
github.com/yanolja/ogem/tenancy/api.go:203.2,204.16 2 6
github.com/yanolja/ogem/tenancy/api.go:204.16,208.3 3 0
github.com/yanolja/ogem/tenancy/api.go:211.2,215.19 4 6
github.com/yanolja/ogem/tenancy/api.go:215.19,217.3 1 0
github.com/yanolja/ogem/tenancy/api.go:218.2,218.17 1 6
github.com/yanolja/ogem/tenancy/api.go:218.17,220.3 1 4
github.com/yanolja/ogem/tenancy/api.go:222.2,234.43 3 6
github.com/yanolja/ogem/tenancy/api.go:238.78,242.16 3 2
github.com/yanolja/ogem/tenancy/api.go:242.16,245.3 2 1
github.com/yanolja/ogem/tenancy/api.go:247.2,250.76 3 1
github.com/yanolja/ogem/tenancy/api.go:250.76,254.3 3 0
github.com/yanolja/ogem/tenancy/api.go:256.2,256.41 1 1
github.com/yanolja/ogem/tenancy/api.go:260.77,264.16 3 1
github.com/yanolja/ogem/tenancy/api.go:264.16,267.3 2 0
github.com/yanolja/ogem/tenancy/api.go:269.2,272.76 3 1
github.com/yanolja/ogem/tenancy/api.go:272.76,276.3 3 0
github.com/yanolja/ogem/tenancy/api.go:278.2,278.41 1 1
github.com/yanolja/ogem/tenancy/api.go:282.78,286.16 3 1
github.com/yanolja/ogem/tenancy/api.go:286.16,290.3 3 0
github.com/yanolja/ogem/tenancy/api.go:292.2,292.40 1 1
github.com/yanolja/ogem/tenancy/api.go:296.79,300.16 3 1
github.com/yanolja/ogem/tenancy/api.go:300.16,303.3 2 0
github.com/yanolja/ogem/tenancy/api.go:305.2,305.62 1 1
github.com/yanolja/ogem/tenancy/api.go:309.82,313.64 3 1
github.com/yanolja/ogem/tenancy/api.go:313.64,316.3 2 0
github.com/yanolja/ogem/tenancy/api.go:318.2,319.16 2 1
github.com/yanolja/ogem/tenancy/api.go:319.16,322.3 2 0
github.com/yanolja/ogem/tenancy/api.go:324.2,327.76 3 1
github.com/yanolja/ogem/tenancy/api.go:327.76,331.3 3 0
github.com/yanolja/ogem/tenancy/api.go:333.2,333.48 1 1
github.com/yanolja/ogem/tenancy/api.go:337.81,341.16 3 1
github.com/yanolja/ogem/tenancy/api.go:341.16,344.3 2 0
github.com/yanolja/ogem/tenancy/api.go:346.2,346.50 1 1
github.com/yanolja/ogem/tenancy/api.go:350.84,354.66 3 1
github.com/yanolja/ogem/tenancy/api.go:354.66,357.3 2 0
github.com/yanolja/ogem/tenancy/api.go:359.2,360.16 2 1
github.com/yanolja/ogem/tenancy/api.go:360.16,363.3 2 0
github.com/yanolja/ogem/tenancy/api.go:365.2,368.76 3 1
github.com/yanolja/ogem/tenancy/api.go:368.76,372.3 3 0
github.com/yanolja/ogem/tenancy/api.go:374.2,374.50 1 1
github.com/yanolja/ogem/tenancy/api.go:378.81,382.16 3 1
github.com/yanolja/ogem/tenancy/api.go:382.16,385.3 2 0
github.com/yanolja/ogem/tenancy/api.go:387.2,387.50 1 1
github.com/yanolja/ogem/tenancy/api.go:391.84,395.66 3 1
github.com/yanolja/ogem/tenancy/api.go:395.66,398.3 2 0
github.com/yanolja/ogem/tenancy/api.go:400.2,401.16 2 1
github.com/yanolja/ogem/tenancy/api.go:401.16,404.3 2 0
github.com/yanolja/ogem/tenancy/api.go:406.2,409.76 3 1
github.com/yanolja/ogem/tenancy/api.go:409.76,413.3 3 0
github.com/yanolja/ogem/tenancy/api.go:415.2,415.50 1 1
github.com/yanolja/ogem/tenancy/api.go:419.85,423.16 3 1
github.com/yanolja/ogem/tenancy/api.go:423.16,426.3 2 0
github.com/yanolja/ogem/tenancy/api.go:428.2,428.54 1 1
github.com/yanolja/ogem/tenancy/api.go:432.88,436.70 3 1
github.com/yanolja/ogem/tenancy/api.go:436.70,439.3 2 0
github.com/yanolja/ogem/tenancy/api.go:441.2,442.16 2 1
github.com/yanolja/ogem/tenancy/api.go:442.16,445.3 2 0
github.com/yanolja/ogem/tenancy/api.go:447.2,450.76 3 1
github.com/yanolja/ogem/tenancy/api.go:450.76,454.3 3 0
github.com/yanolja/ogem/tenancy/api.go:456.2,456.54 1 1
github.com/yanolja/ogem/tenancy/api.go:460.81,464.61 3 1
github.com/yanolja/ogem/tenancy/api.go:464.61,467.3 2 0
github.com/yanolja/ogem/tenancy/api.go:469.2,470.16 2 1
github.com/yanolja/ogem/tenancy/api.go:470.16,474.3 3 0
github.com/yanolja/ogem/tenancy/api.go:476.2,476.41 1 1
github.com/yanolja/ogem/tenancy/api.go:480.78,483.2 2 1
github.com/yanolja/ogem/tenancy/api.go:486.82,491.16 3 1
github.com/yanolja/ogem/tenancy/api.go:491.16,494.3 2 0
github.com/yanolja/ogem/tenancy/api.go:497.2,498.16 2 1
github.com/yanolja/ogem/tenancy/api.go:498.16,501.3 2 0
github.com/yanolja/ogem/tenancy/api.go:504.2,516.44 2 1
github.com/yanolja/ogem/tenancy/api.go:582.83,583.18 1 4
github.com/yanolja/ogem/tenancy/api.go:583.18,585.3 1 1
github.com/yanolja/ogem/tenancy/api.go:586.2,586.20 1 3
github.com/yanolja/ogem/tenancy/api.go:586.20,588.3 1 1
github.com/yanolja/ogem/tenancy/api.go:589.2,589.20 1 2
github.com/yanolja/ogem/tenancy/api.go:589.20,591.3 1 0
github.com/yanolja/ogem/tenancy/api.go:592.2,592.12 1 2
github.com/yanolja/ogem/tenancy/api.go:595.84,596.21 1 3
github.com/yanolja/ogem/tenancy/api.go:596.21,598.3 1 1
github.com/yanolja/ogem/tenancy/api.go:599.2,599.28 1 3
github.com/yanolja/ogem/tenancy/api.go:599.28,601.3 1 1
github.com/yanolja/ogem/tenancy/api.go:602.2,602.28 1 3
github.com/yanolja/ogem/tenancy/api.go:602.28,604.3 1 1
github.com/yanolja/ogem/tenancy/api.go:605.2,605.21 1 3
github.com/yanolja/ogem/tenancy/api.go:605.21,607.3 1 1
github.com/yanolja/ogem/tenancy/api.go:608.2,608.23 1 3
github.com/yanolja/ogem/tenancy/api.go:608.23,610.3 1 1
github.com/yanolja/ogem/tenancy/api.go:611.2,611.25 1 3
github.com/yanolja/ogem/tenancy/api.go:611.25,613.3 1 0
github.com/yanolja/ogem/tenancy/api.go:614.2,614.23 1 3
github.com/yanolja/ogem/tenancy/api.go:614.23,616.3 1 0
github.com/yanolja/ogem/tenancy/api.go:617.2,617.25 1 3
github.com/yanolja/ogem/tenancy/api.go:617.25,619.3 1 0
github.com/yanolja/ogem/tenancy/api.go:620.2,620.29 1 3
github.com/yanolja/ogem/tenancy/api.go:620.29,622.3 1 0
github.com/yanolja/ogem/tenancy/api.go:623.2,623.29 1 3
github.com/yanolja/ogem/tenancy/api.go:623.29,625.3 1 0
github.com/yanolja/ogem/tenancy/api.go:626.2,626.25 1 3
github.com/yanolja/ogem/tenancy/api.go:626.25,627.29 1 1
github.com/yanolja/ogem/tenancy/api.go:627.29,629.4 1 1
github.com/yanolja/ogem/tenancy/api.go:630.3,630.34 1 1
github.com/yanolja/ogem/tenancy/api.go:630.34,632.4 1 2
github.com/yanolja/ogem/tenancy/api.go:636.106,639.32 2 2
github.com/yanolja/ogem/tenancy/api.go:639.32,641.3 1 2
github.com/yanolja/ogem/tenancy/api.go:642.2,642.31 1 2
github.com/yanolja/ogem/tenancy/api.go:642.31,644.3 1 2
github.com/yanolja/ogem/tenancy/api.go:645.2,645.33 1 2
github.com/yanolja/ogem/tenancy/api.go:645.33,647.3 1 2
github.com/yanolja/ogem/tenancy/api.go:648.2,648.30 1 2
github.com/yanolja/ogem/tenancy/api.go:648.30,650.3 1 2
github.com/yanolja/ogem/tenancy/api.go:651.2,651.29 1 2
github.com/yanolja/ogem/tenancy/api.go:651.29,653.3 1 2
github.com/yanolja/ogem/tenancy/api.go:654.2,654.31 1 2
github.com/yanolja/ogem/tenancy/api.go:654.31,656.3 1 2
github.com/yanolja/ogem/tenancy/api.go:657.2,657.28 1 2
github.com/yanolja/ogem/tenancy/api.go:657.28,659.3 1 2
github.com/yanolja/ogem/tenancy/api.go:660.2,660.27 1 2
github.com/yanolja/ogem/tenancy/api.go:660.27,662.3 1 2
github.com/yanolja/ogem/tenancy/api.go:663.2,663.29 1 2
github.com/yanolja/ogem/tenancy/api.go:663.29,665.3 1 2
github.com/yanolja/ogem/tenancy/api.go:666.2,666.29 1 2
github.com/yanolja/ogem/tenancy/api.go:666.29,668.3 1 2
github.com/yanolja/ogem/tenancy/api.go:669.2,669.25 1 2
github.com/yanolja/ogem/tenancy/api.go:669.25,671.3 1 2
github.com/yanolja/ogem/tenancy/api.go:673.2,673.20 1 2
github.com/yanolja/ogem/tenancy/api.go:676.86,680.56 3 33
github.com/yanolja/ogem/tenancy/api.go:680.56,682.3 1 0
github.com/yanolja/ogem/tenancy/api.go:685.96,695.2 2 7
github.com/yanolja/ogem/tenancy/manager.go:75.178,76.19 1 49
github.com/yanolja/ogem/tenancy/manager.go:76.19,78.3 1 1
github.com/yanolja/ogem/tenancy/manager.go:78.8,80.37 1 48
github.com/yanolja/ogem/tenancy/manager.go:80.37,82.4 1 4
github.com/yanolja/ogem/tenancy/manager.go:83.3,83.34 1 48
github.com/yanolja/ogem/tenancy/manager.go:83.34,85.4 1 4
github.com/yanolja/ogem/tenancy/manager.go:88.2,99.52 2 49
github.com/yanolja/ogem/tenancy/manager.go:99.52,101.3 1 0
github.com/yanolja/ogem/tenancy/manager.go:104.2,104.20 1 49
github.com/yanolja/ogem/tenancy/manager.go:104.20,106.3 1 47
github.com/yanolja/ogem/tenancy/manager.go:108.2,108.21 1 49
github.com/yanolja/ogem/tenancy/manager.go:112.42,131.2 1 2
github.com/yanolja/ogem/tenancy/manager.go:134.82,135.24 1 50
github.com/yanolja/ogem/tenancy/manager.go:135.24,137.3 1 1
github.com/yanolja/ogem/tenancy/manager.go:139.2,143.50 3 49
github.com/yanolja/ogem/tenancy/manager.go:143.50,145.3 1 2
github.com/yanolja/ogem/tenancy/manager.go:148.2,148.48 1 47
github.com/yanolja/ogem/tenancy/manager.go:148.48,150.3 1 1
github.com/yanolja/ogem/tenancy/manager.go:153.2,158.28 4 46
github.com/yanolja/ogem/tenancy/manager.go:158.28,160.3 1 44
github.com/yanolja/ogem/tenancy/manager.go:161.2,161.26 1 46
github.com/yanolja/ogem/tenancy/manager.go:161.26,163.3 1 45
github.com/yanolja/ogem/tenancy/manager.go:164.2,164.28 1 46
github.com/yanolja/ogem/tenancy/manager.go:164.28,166.3 1 45
github.com/yanolja/ogem/tenancy/manager.go:169.2,172.26 2 46
github.com/yanolja/ogem/tenancy/manager.go:172.26,176.3 1 46
github.com/yanolja/ogem/tenancy/manager.go:179.2,179.49 1 46
github.com/yanolja/ogem/tenancy/manager.go:179.49,183.3 3 0
github.com/yanolja/ogem/tenancy/manager.go:186.2,193.23 2 46
github.com/yanolja/ogem/tenancy/manager.go:193.23,195.3 1 0
github.com/yanolja/ogem/tenancy/manager.go:197.2,197.12 1 46
github.com/yanolja/ogem/tenancy/manager.go:201.91,206.13 4 48
github.com/yanolja/ogem/tenancy/manager.go:206.13,208.3 1 9
github.com/yanolja/ogem/tenancy/manager.go:211.2,212.25 2 39
github.com/yanolja/ogem/tenancy/manager.go:216.82,217.24 1 11
github.com/yanolja/ogem/tenancy/manager.go:217.24,219.3 1 0
github.com/yanolja/ogem/tenancy/manager.go:221.2,226.13 4 11
github.com/yanolja/ogem/tenancy/manager.go:226.13,228.3 1 1
github.com/yanolja/ogem/tenancy/manager.go:231.2,231.50 1 10
github.com/yanolja/ogem/tenancy/manager.go:231.50,233.3 1 0
github.com/yanolja/ogem/tenancy/manager.go:236.2,243.49 4 10
github.com/yanolja/ogem/tenancy/manager.go:243.49,245.3 1 0
github.com/yanolja/ogem/tenancy/manager.go:247.2,251.23 2 10
github.com/yanolja/ogem/tenancy/manager.go:251.23,253.3 1 0
github.com/yanolja/ogem/tenancy/manager.go:255.2,255.12 1 10
github.com/yanolja/ogem/tenancy/manager.go:259.83,260.24 1 4
github.com/yanolja/ogem/tenancy/manager.go:260.24,262.3 1 0
github.com/yanolja/ogem/tenancy/manager.go:264.2,268.13 4 4
github.com/yanolja/ogem/tenancy/manager.go:268.13,270.3 1 2
github.com/yanolja/ogem/tenancy/manager.go:273.2,279.49 5 2
github.com/yanolja/ogem/tenancy/manager.go:279.49,281.3 1 0
github.com/yanolja/ogem/tenancy/manager.go:283.2,287.23 2 2
github.com/yanolja/ogem/tenancy/manager.go:287.23,289.3 1 0
github.com/yanolja/ogem/tenancy/manager.go:291.2,291.12 1 2
github.com/yanolja/ogem/tenancy/manager.go:295.100,301.36 4 11
github.com/yanolja/ogem/tenancy/manager.go:301.36,302.56 1 38
github.com/yanolja/ogem/tenancy/manager.go:302.56,305.4 2 31
github.com/yanolja/ogem/tenancy/manager.go:308.2,308.21 1 11
github.com/yanolja/ogem/tenancy/manager.go:321.132,323.16 2 6
github.com/yanolja/ogem/tenancy/manager.go:323.16,325.3 1 1
github.com/yanolja/ogem/tenancy/manager.go:327.2,337.24 2 5
github.com/yanolja/ogem/tenancy/manager.go:337.24,341.3 3 1
github.com/yanolja/ogem/tenancy/manager.go:344.2,344.24 1 4
github.com/yanolja/ogem/tenancy/manager.go:344.24,348.3 3 1
github.com/yanolja/ogem/tenancy/manager.go:351.2,351.29 1 3
github.com/yanolja/ogem/tenancy/manager.go:351.29,353.17 2 3
github.com/yanolja/ogem/tenancy/manager.go:353.17,355.4 1 0
github.com/yanolja/ogem/tenancy/manager.go:356.3,356.49 1 3
github.com/yanolja/ogem/tenancy/manager.go:356.49,361.4 4 0
github.com/yanolja/ogem/tenancy/manager.go:366.2,366.20 1 3
github.com/yanolja/ogem/tenancy/manager.go:392.102,393.27 1 7
github.com/yanolja/ogem/tenancy/manager.go:393.27,395.3 1 1
github.com/yanolja/ogem/tenancy/manager.go:397.2,401.13 4 6
github.com/yanolja/ogem/tenancy/manager.go:401.13,404.3 2 0
github.com/yanolja/ogem/tenancy/manager.go:407.2,407.20 1 6
github.com/yanolja/ogem/tenancy/manager.go:408.17,411.43 3 4
github.com/yanolja/ogem/tenancy/manager.go:412.15,415.41 3 1
github.com/yanolja/ogem/tenancy/manager.go:416.14,419.40 3 1
github.com/yanolja/ogem/tenancy/manager.go:422.2,425.23 2 6
github.com/yanolja/ogem/tenancy/manager.go:425.23,427.3 1 0
github.com/yanolja/ogem/tenancy/manager.go:429.2,429.12 1 6
github.com/yanolja/ogem/tenancy/manager.go:443.103,448.13 4 6
github.com/yanolja/ogem/tenancy/manager.go:448.13,450.3 1 1
github.com/yanolja/ogem/tenancy/manager.go:453.2,454.26 2 5
github.com/yanolja/ogem/tenancy/manager.go:459.63,460.21 1 64
github.com/yanolja/ogem/tenancy/manager.go:460.21,462.3 1 2
github.com/yanolja/ogem/tenancy/manager.go:463.2,463.23 1 62
github.com/yanolja/ogem/tenancy/manager.go:463.23,465.3 1 2
github.com/yanolja/ogem/tenancy/manager.go:466.2,466.23 1 60
github.com/yanolja/ogem/tenancy/manager.go:466.23,468.3 1 2
github.com/yanolja/ogem/tenancy/manager.go:469.2,469.25 1 60
github.com/yanolja/ogem/tenancy/manager.go:469.25,471.3 1 4
github.com/yanolja/ogem/tenancy/manager.go:474.2,474.56 1 60
github.com/yanolja/ogem/tenancy/manager.go:474.56,475.56 1 0
github.com/yanolja/ogem/tenancy/manager.go:475.56,477.4 1 0
github.com/yanolja/ogem/tenancy/manager.go:480.2,480.12 1 60
github.com/yanolja/ogem/tenancy/manager.go:483.90,495.20 2 48
github.com/yanolja/ogem/tenancy/manager.go:496.28,501.41 5 5
github.com/yanolja/ogem/tenancy/manager.go:502.22,505.46 3 34
github.com/yanolja/ogem/tenancy/manager.go:506.23,507.45 1 1
github.com/yanolja/ogem/tenancy/manager.go:508.10,509.49 1 8
github.com/yanolja/ogem/tenancy/manager.go:512.2,512.17 1 48
github.com/yanolja/ogem/tenancy/manager.go:515.69,536.2 1 46
github.com/yanolja/ogem/tenancy/manager.go:538.83,539.19 1 45
github.com/yanolja/ogem/tenancy/manager.go:539.19,541.3 1 1
github.com/yanolja/ogem/tenancy/manager.go:542.2,542.61 1 44
github.com/yanolja/ogem/tenancy/manager.go:542.61,544.3 1 3
github.com/yanolja/ogem/tenancy/manager.go:545.2,545.55 1 41
github.com/yanolja/ogem/tenancy/manager.go:545.55,547.3 1 4
github.com/yanolja/ogem/tenancy/manager.go:548.2,548.67 1 37
github.com/yanolja/ogem/tenancy/manager.go:548.67,550.3 1 3
github.com/yanolja/ogem/tenancy/manager.go:551.2,551.81 1 34
github.com/yanolja/ogem/tenancy/manager.go:551.81,553.3 1 1
github.com/yanolja/ogem/tenancy/manager.go:554.2,554.82 1 33
github.com/yanolja/ogem/tenancy/manager.go:554.82,556.3 1 1
github.com/yanolja/ogem/tenancy/manager.go:557.2,557.13 1 32
github.com/yanolja/ogem/tenancy/manager.go:560.98,563.13 3 3
github.com/yanolja/ogem/tenancy/manager.go:563.13,565.3 1 0
github.com/yanolja/ogem/tenancy/manager.go:568.2,568.32 1 3
github.com/yanolja/ogem/tenancy/manager.go:568.32,570.24 2 3
github.com/yanolja/ogem/tenancy/manager.go:570.24,579.4 1 0
github.com/yanolja/ogem/tenancy/manager.go:580.3,580.49 1 3
github.com/yanolja/ogem/tenancy/manager.go:580.49,586.4 1 0
github.com/yanolja/ogem/tenancy/manager.go:592.2,592.17 1 3
github.com/yanolja/ogem/tenancy/manager.go:595.52,600.2 2 49
github.com/yanolja/ogem/tenancy/manager.go:602.62,606.2 1 58
github.com/yanolja/ogem/tenancy/manager.go:608.52,610.26 1 47
github.com/yanolja/ogem/tenancy/manager.go:610.26,613.3 2 46
github.com/yanolja/ogem/tenancy/manager.go:616.2,617.27 2 47
github.com/yanolja/ogem/tenancy/manager.go:620.49,621.6 1 46
github.com/yanolja/ogem/tenancy/manager.go:621.6,622.10 1 46
github.com/yanolja/ogem/tenancy/manager.go:623.32,624.27 1 0
github.com/yanolja/ogem/tenancy/manager.go:625.22,626.10 1 46
github.com/yanolja/ogem/tenancy/manager.go:631.46,632.6 1 47
github.com/yanolja/ogem/tenancy/manager.go:632.6,633.10 1 47
github.com/yanolja/ogem/tenancy/manager.go:634.29,635.27 1 0
github.com/yanolja/ogem/tenancy/manager.go:636.22,637.10 1 47
github.com/yanolja/ogem/tenancy/manager.go:642.47,647.41 4 0
github.com/yanolja/ogem/tenancy/manager.go:647.41,649.46 1 0
github.com/yanolja/ogem/tenancy/manager.go:649.46,653.4 3 0
github.com/yanolja/ogem/tenancy/manager.go:656.3,656.62 1 0
github.com/yanolja/ogem/tenancy/manager.go:656.62,660.4 3 0
github.com/yanolja/ogem/tenancy/manager.go:663.3,663.65 1 0
github.com/yanolja/ogem/tenancy/manager.go:663.65,667.4 3 0
github.com/yanolja/ogem/tenancy/manager.go:669.3,669.26 1 0
github.com/yanolja/ogem/tenancy/manager.go:673.47,681.48 5 0
github.com/yanolja/ogem/tenancy/manager.go:681.48,682.51 1 0
github.com/yanolja/ogem/tenancy/manager.go:682.51,684.4 1 0
github.com/yanolja/ogem/tenancy/manager.go:688.2,688.43 1 0
github.com/yanolja/ogem/tenancy/manager.go:688.43,689.70 1 0
github.com/yanolja/ogem/tenancy/manager.go:689.70,690.52 1 0
github.com/yanolja/ogem/tenancy/manager.go:690.52,693.5 2 0
github.com/yanolja/ogem/tenancy/manager.go:698.76,711.56 2 0
github.com/yanolja/ogem/tenancy/manager.go:711.56,713.3 1 0
github.com/yanolja/ogem/tenancy/manager.go:716.81,730.56 2 0
github.com/yanolja/ogem/tenancy/manager.go:730.56,732.3 1 0
github.com/yanolja/ogem/tenancy/manager.go:736.33,739.32 2 49
github.com/yanolja/ogem/tenancy/manager.go:739.32,741.3 1 46
github.com/yanolja/ogem/tenancy/manager.go:742.2,742.29 1 49
github.com/yanolja/ogem/tenancy/manager.go:742.29,744.3 1 47
github.com/yanolja/ogem/tenancy/manager.go:746.2,746.42 1 49
github.com/yanolja/ogem/tenancy/manager.go:750.66,760.36 6 2
github.com/yanolja/ogem/tenancy/manager.go:760.36,763.3 2 7
github.com/yanolja/ogem/tenancy/manager.go:765.2,771.14 6 2
github.com/yanolja/ogem/tenancy/middleware.go:63.158,64.19 1 11
github.com/yanolja/ogem/tenancy/middleware.go:64.19,66.3 1 1
github.com/yanolja/ogem/tenancy/middleware.go:68.2,73.3 1 11
github.com/yanolja/ogem/tenancy/middleware.go:77.50,90.2 1 3
github.com/yanolja/ogem/tenancy/middleware.go:93.74,94.46 1 8
github.com/yanolja/ogem/tenancy/middleware.go:94.46,95.72 1 8
github.com/yanolja/ogem/tenancy/middleware.go:95.72,98.18 2 22
github.com/yanolja/ogem/tenancy/middleware.go:98.18,101.5 2 8
github.com/yanolja/ogem/tenancy/middleware.go:104.4,104.51 1 14
github.com/yanolja/ogem/tenancy/middleware.go:104.51,105.75 1 13
github.com/yanolja/ogem/tenancy/middleware.go:105.75,108.6 2 2
github.com/yanolja/ogem/tenancy/middleware.go:112.4,112.24 1 12
github.com/yanolja/ogem/tenancy/middleware.go:112.24,115.5 2 11
github.com/yanolja/ogem/tenancy/middleware.go:118.4,118.51 1 12
github.com/yanolja/ogem/tenancy/middleware.go:118.51,121.5 2 11
github.com/yanolja/ogem/tenancy/middleware.go:123.4,123.24 1 12
github.com/yanolja/ogem/tenancy/middleware.go:129.91,136.27 5 22
github.com/yanolja/ogem/tenancy/middleware.go:136.27,137.67 1 0
github.com/yanolja/ogem/tenancy/middleware.go:137.67,140.47 2 0
github.com/yanolja/ogem/tenancy/middleware.go:140.47,141.50 1 0
github.com/yanolja/ogem/tenancy/middleware.go:141.50,143.6 1 0
github.com/yanolja/ogem/tenancy/middleware.go:144.5,144.53 1 0
github.com/yanolja/ogem/tenancy/middleware.go:144.53,146.6 1 0
github.com/yanolja/ogem/tenancy/middleware.go:147.5,147.55 1 0
github.com/yanolja/ogem/tenancy/middleware.go:147.55,149.6 1 0
github.com/yanolja/ogem/tenancy/middleware.go:155.2,155.40 1 22
github.com/yanolja/ogem/tenancy/middleware.go:156.34,157.37 1 10
github.com/yanolja/ogem/tenancy/middleware.go:158.32,159.35 1 4
github.com/yanolja/ogem/tenancy/middleware.go:160.37,161.40 1 5
github.com/yanolja/ogem/tenancy/middleware.go:162.31,162.31 0 0
github.com/yanolja/ogem/tenancy/middleware.go:164.36,166.46 1 3
github.com/yanolja/ogem/tenancy/middleware.go:166.46,168.4 1 1
github.com/yanolja/ogem/tenancy/middleware.go:168.9,168.51 1 2
github.com/yanolja/ogem/tenancy/middleware.go:168.51,170.4 1 1
github.com/yanolja/ogem/tenancy/middleware.go:170.9,170.56 1 1
github.com/yanolja/ogem/tenancy/middleware.go:170.56,172.4 1 0
github.com/yanolja/ogem/tenancy/middleware.go:176.2,176.55 1 22
github.com/yanolja/ogem/tenancy/middleware.go:176.55,178.3 1 1
github.com/yanolja/ogem/tenancy/middleware.go:181.2,181.20 1 22
github.com/yanolja/ogem/tenancy/middleware.go:181.20,182.30 1 6
github.com/yanolja/ogem/tenancy/middleware.go:182.30,184.4 1 5
github.com/yanolja/ogem/tenancy/middleware.go:185.3,185.18 1 1
github.com/yanolja/ogem/tenancy/middleware.go:189.2,190.16 2 16
github.com/yanolja/ogem/tenancy/middleware.go:190.16,192.37 1 4
github.com/yanolja/ogem/tenancy/middleware.go:192.37,194.18 2 1
github.com/yanolja/ogem/tenancy/middleware.go:194.18,196.5 1 0
github.com/yanolja/ogem/tenancy/middleware.go:197.9,199.4 1 3
github.com/yanolja/ogem/tenancy/middleware.go:202.2,207.8 1 13
github.com/yanolja/ogem/tenancy/middleware.go:211.71,213.74 1 17
github.com/yanolja/ogem/tenancy/middleware.go:213.74,215.3 1 9
github.com/yanolja/ogem/tenancy/middleware.go:218.2,226.38 2 8
github.com/yanolja/ogem/tenancy/middleware.go:226.38,227.55 1 34
github.com/yanolja/ogem/tenancy/middleware.go:227.55,229.4 1 2
github.com/yanolja/ogem/tenancy/middleware.go:233.2,233.72 1 6
github.com/yanolja/ogem/tenancy/middleware.go:233.72,235.3 1 0
github.com/yanolja/ogem/tenancy/middleware.go:237.2,237.11 1 6
github.com/yanolja/ogem/tenancy/middleware.go:241.69,248.88 3 11
github.com/yanolja/ogem/tenancy/middleware.go:248.88,250.3 1 4
github.com/yanolja/ogem/tenancy/middleware.go:253.2,253.74 1 7
github.com/yanolja/ogem/tenancy/middleware.go:253.74,255.3 1 3
github.com/yanolja/ogem/tenancy/middleware.go:257.2,257.11 1 4
github.com/yanolja/ogem/tenancy/middleware.go:261.74,262.32 1 12
github.com/yanolja/ogem/tenancy/middleware.go:262.32,264.3 1 1
github.com/yanolja/ogem/tenancy/middleware.go:266.2,269.62 2 11
github.com/yanolja/ogem/tenancy/middleware.go:269.62,271.3 1 2
github.com/yanolja/ogem/tenancy/middleware.go:274.2,277.21 2 11
github.com/yanolja/ogem/tenancy/middleware.go:277.21,280.69 2 10
github.com/yanolja/ogem/tenancy/middleware.go:280.69,282.4 1 5
github.com/yanolja/ogem/tenancy/middleware.go:285.2,285.11 1 6
github.com/yanolja/ogem/tenancy/middleware.go:289.70,293.2 1 0
github.com/yanolja/ogem/tenancy/middleware.go:296.103,300.24 2 13
github.com/yanolja/ogem/tenancy/middleware.go:300.24,302.3 1 1
github.com/yanolja/ogem/tenancy/middleware.go:305.2,305.24 1 12
github.com/yanolja/ogem/tenancy/middleware.go:305.24,307.3 1 1
github.com/yanolja/ogem/tenancy/middleware.go:314.2,314.12 1 11
github.com/yanolja/ogem/tenancy/middleware.go:318.112,331.67 2 1
github.com/yanolja/ogem/tenancy/middleware.go:331.67,333.3 1 0
github.com/yanolja/ogem/tenancy/middleware.go:335.2,339.20 2 1
github.com/yanolja/ogem/tenancy/middleware.go:343.98,355.9 5 10
github.com/yanolja/ogem/tenancy/middleware.go:356.45,358.33 2 8
github.com/yanolja/ogem/tenancy/middleware.go:359.46,361.32 2 1
github.com/yanolja/ogem/tenancy/middleware.go:362.43,364.31 2 1
github.com/yanolja/ogem/tenancy/middleware.go:365.44,367.32 2 0
github.com/yanolja/ogem/tenancy/middleware.go:368.10,370.29 2 0
github.com/yanolja/ogem/tenancy/middleware.go:374.2,387.65 4 10
github.com/yanolja/ogem/tenancy/middleware.go:387.65,389.3 1 0
github.com/yanolja/ogem/tenancy/middleware.go:399.123,404.2 1 4
github.com/yanolja/ogem/tenancy/middleware.go:407.86,408.46 1 2
github.com/yanolja/ogem/tenancy/middleware.go:408.46,409.72 1 2
github.com/yanolja/ogem/tenancy/middleware.go:409.72,412.38 2 4
github.com/yanolja/ogem/tenancy/middleware.go:412.38,417.5 2 1
github.com/yanolja/ogem/tenancy/middleware.go:420.4,420.77 1 3
github.com/yanolja/ogem/tenancy/middleware.go:420.77,423.5 2 2
github.com/yanolja/ogem/tenancy/middleware.go:426.4,428.24 2 1
github.com/yanolja/ogem/tenancy/middleware.go:434.131,438.28 2 3
github.com/yanolja/ogem/tenancy/middleware.go:438.28,439.69 1 3
github.com/yanolja/ogem/tenancy/middleware.go:439.69,441.4 1 2
github.com/yanolja/ogem/tenancy/middleware.go:445.2,445.66 1 1
github.com/yanolja/ogem/tenancy/middleware.go:445.66,446.84 1 0
github.com/yanolja/ogem/tenancy/middleware.go:446.84,448.4 1 0
github.com/yanolja/ogem/tenancy/middleware.go:452.2,452.61 1 1
github.com/yanolja/ogem/tenancy/middleware.go:452.61,454.3 1 0
github.com/yanolja/ogem/tenancy/middleware.go:456.2,456.12 1 1
github.com/yanolja/ogem/tenancy/middleware.go:460.110,464.48 2 3
github.com/yanolja/ogem/tenancy/middleware.go:464.48,465.48 1 3
github.com/yanolja/ogem/tenancy/middleware.go:465.48,467.4 1 1
github.com/yanolja/ogem/tenancy/middleware.go:471.2,471.34 1 2
github.com/yanolja/ogem/tenancy/middleware.go:471.34,473.49 2 2
github.com/yanolja/ogem/tenancy/middleware.go:473.49,474.49 1 3
github.com/yanolja/ogem/tenancy/middleware.go:474.49,476.10 2 1
github.com/yanolja/ogem/tenancy/middleware.go:479.3,479.15 1 2
github.com/yanolja/ogem/tenancy/middleware.go:479.15,481.4 1 1
github.com/yanolja/ogem/tenancy/middleware.go:484.2,484.12 1 1
github.com/yanolja/ogem/tenancy/middleware.go:488.107,492.2 1 0
github.com/yanolja/ogem/tenancy/middleware.go:495.118,498.16 2 1
github.com/yanolja/ogem/tenancy/middleware.go:498.16,500.3 1 0
github.com/yanolja/ogem/tenancy/middleware.go:502.2,502.27 1 1
github.com/yanolja/ogem/tenancy/middleware.go:502.27,504.3 1 0
github.com/yanolja/ogem/tenancy/middleware.go:506.2,506.12 1 1
github.com/yanolja/ogem/tenancy/middleware.go:510.77,512.67 1 6
github.com/yanolja/ogem/tenancy/middleware.go:512.67,515.3 2 4
github.com/yanolja/ogem/tenancy/middleware.go:518.2,518.55 1 2
github.com/yanolja/ogem/tenancy/middleware.go:518.55,520.3 1 1
github.com/yanolja/ogem/tenancy/middleware.go:523.2,523.44 1 1
github.com/yanolja/ogem/tenancy/middleware.go:527.83,531.2 1 9
github.com/yanolja/ogem/tenancy/middleware.go:534.99,541.66 4 1
github.com/yanolja/ogem/tenancy/middleware.go:541.66,543.3 1 1
github.com/yanolja/ogem/tenancy/middleware.go:546.2,546.64 1 1
github.com/yanolja/ogem/tenancy/middleware.go:546.64,548.3 1 1
github.com/yanolja/ogem/tenancy/middleware.go:552.115,563.9 4 2
github.com/yanolja/ogem/tenancy/middleware.go:564.77,565.36 1 1
github.com/yanolja/ogem/tenancy/middleware.go:566.50,567.36 1 1
github.com/yanolja/ogem/tenancy/middleware.go:568.50,569.42 1 0
github.com/yanolja/ogem/tenancy/middleware.go:570.43,571.39 1 0
github.com/yanolja/ogem/tenancy/middleware.go:572.10,573.36 1 0
github.com/yanolja/ogem/tenancy/middleware.go:577.2,590.65 4 2
github.com/yanolja/ogem/tenancy/middleware.go:590.65,592.3 1 0
github.com/yanolja/ogem/tenancy/tenant.go:273.71,274.56 1 12
github.com/yanolja/ogem/tenancy/tenant.go:274.56,275.47 1 9
github.com/yanolja/ogem/tenancy/tenant.go:275.47,277.4 1 8
github.com/yanolja/ogem/tenancy/tenant.go:279.2,279.19 1 4
github.com/yanolja/ogem/tenancy/tenant.go:283.87,285.2 1 15
github.com/yanolja/ogem/tenancy/tenant.go:288.34,290.2 1 24
github.com/yanolja/ogem/tenancy/tenant.go:293.35,294.27 1 23
github.com/yanolja/ogem/tenancy/tenant.go:294.27,296.3 1 16
github.com/yanolja/ogem/tenancy/tenant.go:298.2,298.80 1 7
github.com/yanolja/ogem/tenancy/tenant.go:298.80,300.3 1 3
github.com/yanolja/ogem/tenancy/tenant.go:302.2,302.90 1 4
github.com/yanolja/ogem/tenancy/tenant.go:302.90,304.3 1 1
github.com/yanolja/ogem/tenancy/tenant.go:306.2,306.14 1 3
github.com/yanolja/ogem/tenancy/tenant.go:310.39,311.105 1 6
github.com/yanolja/ogem/tenancy/tenant.go:311.105,313.3 1 3
github.com/yanolja/ogem/tenancy/tenant.go:315.2,316.94 2 3
github.com/yanolja/ogem/tenancy/tenant.go:320.53,321.21 1 9
github.com/yanolja/ogem/tenancy/tenant.go:321.21,323.3 1 2
github.com/yanolja/ogem/tenancy/tenant.go:324.2,324.17 1 7
github.com/yanolja/ogem/tenancy/tenant.go:328.50,329.53 1 6
github.com/yanolja/ogem/tenancy/tenant.go:329.53,331.3 1 3
github.com/yanolja/ogem/tenancy/tenant.go:332.2,333.26 2 3
github.com/yanolja/ogem/tenancy/tenant.go:337.52,338.61 1 6
github.com/yanolja/ogem/tenancy/tenant.go:338.61,340.3 1 3
github.com/yanolja/ogem/tenancy/tenant.go:342.2,342.56 1 3
github.com/yanolja/ogem/tenancy/tenant.go:342.56,343.51 1 4
github.com/yanolja/ogem/tenancy/tenant.go:343.51,345.4 1 2
github.com/yanolja/ogem/tenancy/tenant.go:347.2,347.14 1 1
github.com/yanolja/ogem/tenancy/tenant.go:351.58,352.64 1 6
github.com/yanolja/ogem/tenancy/tenant.go:352.64,354.3 1 3
github.com/yanolja/ogem/tenancy/tenant.go:356.2,356.62 1 3
github.com/yanolja/ogem/tenancy/tenant.go:356.62,357.60 1 4
github.com/yanolja/ogem/tenancy/tenant.go:357.60,359.4 1 2
github.com/yanolja/ogem/tenancy/tenant.go:361.2,361.14 1 1
github.com/yanolja/ogem/tenancy/tenant.go:365.63,366.20 1 52
github.com/yanolja/ogem/tenancy/tenant.go:367.28,384.4 1 6
github.com/yanolja/ogem/tenancy/tenant.go:385.22,402.4 1 36
github.com/yanolja/ogem/tenancy/tenant.go:403.23,420.4 1 1
github.com/yanolja/ogem/tenancy/tenant.go:421.10,438.4 1 9
